android/app/build/intermediates/manifest_merge_blame_file/debug/processDebugMainManifest/manifest-merger-blame-debug-report.txt
1<?xml version="1.0" encoding="utf-8"?>
2<manifest xmlns:android="http://schemas.android.com/apk/res/android"
3    package="com.warap.connect"
4    android:versionCode="1"
5    android:versionName="1.0" >
6
7    <uses-sdk
8        android:minSdkVersion="24"
9        android:targetSdkVersion="36" />
10
11    <!-- Permissions -->
12
13    <uses-permission android:name="android.permission.INTERNET" />
13-->src/main/AndroidManifest.xml:43:5-67
13-->src/main/AndroidManifest.xml:43:22-64
14
15    <permission
15-->[androidx.core:core:1.17.0] AndroidManifest.xml:22:5-24:47
16        android:name="com.warap.connect.DYNAMIC_RECEIVER_NOT_EXPORTED_PERMISSION"
16-->[androidx.core:core:1.17.0] AndroidManifest.xml:23:9-81
17        android:protectionLevel="signature" />
17-->[androidx.core:core:1.17.0] AndroidManifest.xml:24:9-44
18
19    <uses-permission android:name="com.warap.connect.DYNAMIC_RECEIVER_NOT_EXPORTED_PERMISSION" />
19-->[androidx.core:core:1.17.0] AndroidManifest.xml:26:5-97
19-->[androidx.core:core:1.17.0] AndroidManifest.xml:26:22-94
20
21    <application
21-->src/main/AndroidManifest.xml:3:5-39:19
22        android:allowBackup="true"
22-->src/main/AndroidManifest.xml:4:9-35
23        android:appComponentFactory="androidx.core.app.CoreComponentFactory"
23-->[androidx.core:core:1.17.0] AndroidManifest.xml:28:18-86
24        android:debuggable="true"
25        android:extractNativeLibs="false"
26        android:icon="@mipmap/ic_launcher"
26-->src/main/AndroidManifest.xml:5:9-43
27        android:label="@string/app_name"
27-->src/main/AndroidManifest.xml:6:9-41
28        android:roundIcon="@mipmap/ic_launcher_round"
28-->src/main/AndroidManifest.xml:7:9-54
29        android:supportsRtl="true"
29-->src/main/AndroidManifest.xml:8:9-35
30        android:theme="@style/AppTheme" >
30-->src/main/AndroidManifest.xml:9:9-40
31        <activity
31-->src/main/AndroidManifest.xml:10:9-30:20
32            android:name="com.warap.connect.MainActivity"
32-->src/main/AndroidManifest.xml:12:13-41
33            android:configChanges="orientation|keyboardHidden|keyboard|screenSize|locale|smallestScreenSize|screenLayout|uiMode|navigation|density"
33-->src/main/AndroidManifest.xml:11:13-148
34            android:exported="true"
34-->src/main/AndroidManifest.xml:16:13-36
35            android:label="@string/title_activity_main"
35-->src/main/AndroidManifest.xml:13:13-56
36            android:launchMode="singleTask"
36-->src/main/AndroidManifest.xml:15:13-44
37            android:theme="@style/AppTheme.NoActionBarLaunch" >
37-->src/main/AndroidManifest.xml:14:13-62
38            <intent-filter>
38-->src/main/AndroidManifest.xml:17:13-20:29
39                <action android:name="android.intent.action.MAIN" />
39-->src/main/AndroidManifest.xml:18:17-69
39-->src/main/AndroidManifest.xml:18:25-66
40
41                <category android:name="android.intent.category.LAUNCHER" />
41-->src/main/AndroidManifest.xml:19:17-77
41-->src/main/AndroidManifest.xml:19:27-74
42            </intent-filter>
43            <!-- OAuth redirect -->
44            <intent-filter>
44-->src/main/AndroidManifest.xml:22:13-29:29
45                <action android:name="android.intent.action.VIEW" />
45-->src/main/AndroidManifest.xml:23:17-69
45-->src/main/AndroidManifest.xml:23:25-66
46
47                <category android:name="android.intent.category.DEFAULT" />
47-->src/main/AndroidManifest.xml:25:17-76
47-->src/main/AndroidManifest.xml:25:27-73
48                <category android:name="android.intent.category.BROWSABLE" />
48-->src/main/AndroidManifest.xml:26:17-78
48-->src/main/AndroidManifest.xml:26:27-75
49
50                <data
50-->src/main/AndroidManifest.xml:28:17-86
51                    android:host="onboarding"
51-->src/main/AndroidManifest.xml:28:58-83
52                    android:scheme="com.warap.connect" />
52-->src/main/AndroidManifest.xml:28:23-57
53            </intent-filter>
54        </activity>
55
56        <provider
57            android:name="androidx.core.content.FileProvider"
57-->src/main/AndroidManifest.xml:33:13-62
58            android:authorities="com.warap.connect.fileprovider"
58-->src/main/AndroidManifest.xml:34:13-64
59            android:exported="false"
59-->src/main/AndroidManifest.xml:35:13-37
60            android:grantUriPermissions="true" >
60-->src/main/AndroidManifest.xml:36:13-47
61            <meta-data
61-->src/main/AndroidManifest.xml:37:13-112
62                android:name="android.support.FILE_PROVIDER_PATHS"
62-->src/main/AndroidManifest.xml:37:24-74
63                android:resource="@xml/file_paths" />
63-->src/main/AndroidManifest.xml:37:75-109
64        </provider>
65        <provider
65-->[androidx.emoji2:emoji2:1.3.0] AndroidManifest.xml:24:9-32:20
66            android:name="androidx.startup.InitializationProvider"
66-->[androidx.emoji2:emoji2:1.3.0] AndroidManifest.xml:25:13-67
67            android:authorities="com.warap.connect.androidx-startup"
67-->[androidx.emoji2:emoji2:1.3.0] AndroidManifest.xml:26:13-68
68            android:exported="false" >
68-->[androidx.emoji2:emoji2:1.3.0] AndroidManifest.xml:27:13-37
69            <meta-data
69-->[androidx.emoji2:emoji2:1.3.0] AndroidManifest.xml:29:13-31:52
70                android:name="androidx.emoji2.text.EmojiCompatInitializer"
70-->[androidx.emoji2:emoji2:1.3.0] AndroidManifest.xml:30:17-75
71                android:value="androidx.startup" />
71-->[androidx.emoji2:emoji2:1.3.0] AndroidManifest.xml:31:17-49
72            <meta-data
72-->[androidx.lifecycle:lifecycle-process:2.6.2] AndroidManifest.xml:29:13-31:52
73                android:name="androidx.lifecycle.ProcessLifecycleInitializer"
73-->[androidx.lifecycle:lifecycle-process:2.6.2] AndroidManifest.xml:30:17-78
74                android:value="androidx.startup" />
74-->[androidx.lifecycle:lifecycle-process:2.6.2] AndroidManifest.xml:31:17-49
75            <meta-data
75-->[androidx.profileinstaller:profileinstaller:1.4.0] AndroidManifest.xml:29:13-31:52
76                android:name="androidx.profileinstaller.ProfileInstallerInitializer"
76-->[androidx.profileinstaller:profileinstaller:1.4.0] AndroidManifest.xml:30:17-85
77                android:value="androidx.startup" />
77-->[androidx.profileinstaller:profileinstaller:1.4.0] AndroidManifest.xml:31:17-49
78        </provider>
79
80        <receiver
80-->[androidx.profileinstaller:profileinstaller:1.4.0] AndroidManifest.xml:34:9-52:20
81            android:name="androidx.profileinstaller.ProfileInstallReceiver"
81-->[androidx.profileinstaller:profileinstaller:1.4.0] AndroidManifest.xml:35:13-76
82            android:directBootAware="false"
82-->[androidx.profileinstaller:profileinstaller:1.4.0] AndroidManifest.xml:36:13-44
83            android:enabled="true"
83-->[androidx.profileinstaller:profileinstaller:1.4.0] AndroidManifest.xml:37:13-35
84            android:exported="true"
84-->[androidx.profileinstaller:profileinstaller:1.4.0] AndroidManifest.xml:38:13-36
85            android:permission="android.permission.DUMP" >
85-->[androidx.profileinstaller:profileinstaller:1.4.0] AndroidManifest.xml:39:13-57
86            <intent-filter>
86-->[androidx.profileinstaller:profileinstaller:1.4.0] AndroidManifest.xml:40:13-42:29
87                <action android:name="androidx.profileinstaller.action.INSTALL_PROFILE" />
87-->[androidx.profileinstaller:profileinstaller:1.4.0] AndroidManifest.xml:41:17-91
87-->[androidx.profileinstaller:profileinstaller:1.4.0] AndroidManifest.xml:41:25-88
88            </intent-filter>
89            <intent-filter>
89-->[androidx.profileinstaller:profileinstaller:1.4.0] AndroidManifest.xml:43:13-45:29
90                <action android:name="androidx.profileinstaller.action.SKIP_FILE" />
90-->[androidx.profileinstaller:profileinstaller:1.4.0] AndroidManifest.xml:44:17-85
90-->[androidx.profileinstaller:profileinstaller:1.4.0] AndroidManifest.xml:44:25-82
91            </intent-filter>
92            <intent-filter>
92-->[androidx.profileinstaller:profileinstaller:1.4.0] AndroidManifest.xml:46:13-48:29
93                <action android:name="androidx.profileinstaller.action.SAVE_PROFILE" />
93-->[androidx.profileinstaller:profileinstaller:1.4.0] AndroidManifest.xml:47:17-88
93-->[androidx.profileinstaller:profileinstaller:1.4.0] AndroidManifest.xml:47:25-85
94            </intent-filter>
95            <intent-filter>
95-->[androidx.profileinstaller:profileinstaller:1.4.0] AndroidManifest.xml:49:13-51:29
96                <action android:name="androidx.profileinstaller.action.BENCHMARK_OPERATION" />
96-->[androidx.profileinstaller:profileinstaller:1.4.0] AndroidManifest.xml:50:17-95
96-->[androidx.profileinstaller:profileinstaller:1.4.0] AndroidManifest.xml:50:25-92
97            </intent-filter>
98        </receiver>
99    </application>
100
101</manifest>